<?xml version="1.0" encoding="UTF-8"?>
<!-- Generated by org.testng.reporters.JUnitReportReporter -->
<testsuite hostname="Arjun" failures="0" tests="2" name="com.capstone.HomePage" time="22.548" errors="0" timestamp="2021-08-07T21:49:24 IST" skipped="0">
  <testcase classname="com.capstone.HomePage" name="homeLinks" time="12.750"/>
  <system-out/>
  <testcase classname="com.capstone.HomePage" name="Login" time="9.798"/>
  <system-out/>
</testsuite> <!-- com.capstone.HomePage -->
