<?xml version="1.0" encoding="UTF-8"?>
<!-- Generated by org.testng.reporters.JUnitReportReporter -->
<testsuite hostname="Arjun" failures="0" tests="3" name="com.capstone.HomePage" time="34.080" errors="0" timestamp="2021-08-08T15:12:04 IST" skipped="0">
  <testcase classname="com.capstone.HomePage" name="AddToCart" time="18.294"/>
  <system-out/>
  <testcase classname="com.capstone.HomePage" name="homeLinks" time="11.518"/>
  <system-out/>
  <testcase classname="com.capstone.HomePage" name="Login" time="4.268"/>
  <system-out/>
</testsuite> <!-- com.capstone.HomePage -->
