<?xml version="1.0" encoding="UTF-8"?>
<!-- Generated by org.testng.reporters.JUnitReportReporter -->
<testsuite hostname="Arjun" failures="0" tests="2" name="com.capstone.HomePage" time="21.362" errors="0" timestamp="2021-08-07T22:08:54 IST" skipped="0">
  <testcase classname="com.capstone.HomePage" name="homeLinks" time="12.168"/>
  <system-out/>
  <testcase classname="com.capstone.HomePage" name="Login" time="9.194"/>
  <system-out/>
</testsuite> <!-- com.capstone.HomePage -->
