<?xml version="1.0" encoding="UTF-8"?>
<!-- Generated by org.testng.reporters.JUnitReportReporter -->
<testsuite hostname="Arjun" failures="0" tests="3" name="com.capstone.HomePage" time="35.921" errors="0" timestamp="2021-08-08T15:24:26 IST" skipped="0">
  <testcase classname="com.capstone.HomePage" name="homeLinks" time="11.334"/>
  <system-out/>
  <testcase classname="com.capstone.HomePage" name="Login" time="4.309"/>
  <system-out/>
  <testcase classname="com.capstone.HomePage" name="AddToCart" time="20.278"/>
  <system-out/>
</testsuite> <!-- com.capstone.HomePage -->
